<?xml version="1.0" encoding="UTF-8"?>
<!-- Generated by org.testng.reporters.JUnitXMLReporter -->
<testsuite ignored="0" hostname="LAPTOP-5IS4ELH8" failures="0" tests="1" name="sign_in_Test" time="0.134" errors="0" timestamp="2023-02-10T01:12:26 EST">
  <testcase classname="Peactice_xmlcalass_1_testng.Utilities_class_3" name="@BeforeClass Ibrowser" time="-1.676009546654E9">
    <failure type="org.testng.TestNGException" message="
Parameter &amp;apos;Browser&amp;apos; is required by BeforeClass on method Ibrowser but has not been marked @Optional or defined
in C:\My automation Task\My workspace 1\selenium_project3\face_book_testng.xml">
      <![CDATA[org.testng.TestNGException: 
Parameter 'Browser' is required by BeforeClass on method Ibrowser but has not been marked @Optional or defined
in C:\My automation Task\My workspace 1\selenium_project3\face_book_testng.xml
at java.base/java.util.ArrayList.forEach(ArrayList.java:1511)
... Removed 22 stack frames]]>
    </failure>
  </testcase> <!-- @BeforeClass Ibrowser -->
  <testcase classname="Peactice_xmlcalass_1_testng.Utilities_class_3" name="@AfterMethod aftermethod" time="0.0">
    <skipped/>
  </testcase> <!-- @AfterMethod aftermethod -->
  <testcase classname="Peactice_xmlcalass_1_testng.Utilities_class_3" name="@AfterClass afterClass" time="0.0">
    <skipped/>
  </testcase> <!-- @AfterClass afterClass -->
  <testcase classname="face_book_sign_testng.sign_in_Testng" name="f" time="0.001">
    <skipped/>
  </testcase> <!-- f -->
</testsuite> <!-- sign_in_Test -->
